<?xml version="1.0" encoding="UTF-8"?>
<!-- Generated by org.testng.reporters.JUnitReportReporter -->
<testsuite hostname="DESKTOP-84VO689" failures="0" tests="4" name="jayTest.SeleniumJayson" time="5.833" errors="0" timestamp="2024-11-13T00:01:49 CST" skipped="0">
  <testcase classname="jayTest.SeleniumJayson" name="testSubmitButtonNotEnabledWithIncompleteInputs" time="1.027"/>
  <system-out/>
  <testcase classname="jayTest.SeleniumJayson" name="testSubmitButtonIsEnabledWithCompleteInputs" time="1.373"/>
  <system-out/>
  <testcase classname="jayTest.SeleniumJayson" name="testContactUsNavigation" time="2.407"/>
  <system-out/>
  <testcase classname="jayTest.SeleniumJayson" name="testSubmitButtonNotEnabledWhenFieldsAreBlank" time="1.026"/>
  <system-out/>
</testsuite> <!-- jayTest.SeleniumJayson -->
